################################################################
04-07-2020: 12-08-32
Сообщение от пользователя Ксения None(id = 523515781)
/start
################################################################

################################################################
04-07-2020: 12-08-32
Сообщение от пользователя Darth Bot None(id = 1277013207)
Привет! Давай узнаем курс валют. Чтобы узнать подробности напиши /help
################################################################

################################################################
04-07-2020: 12-08-42
Сообщение от пользователя Ксения None(id = 523515781)
/centralbank Доллар 01-01-1940
################################################################

################################################################
[ОШИБКА] type: <class 'apis.centralBank.CbError'>
################################################################

################################################################
04-07-2020: 12-08-42
Сообщение от пользователя Darth Bot None(id = 1277013207)
Данная дата выходит за пределы. "В пределы поспасть должен ты" © Йода
################################################################

################################################################
04-07-2020: 12-09-15
Сообщение от пользователя Ксения None(id = 523515781)
/cities
################################################################

################################################################
04-07-2020: 12-09-16
Сообщение от пользователя Darth Bot None(id = 1277013207)
Вот тебе города. Скоро мы будем во всей галактике

Благовещенск
Архангельск
Астрахань
Белгород
Брянск
Владимир
Волгоград
Вологда
Воронеж
Иваново
Иркутск
Калининград
Калуга
Петропавловск-Камчатский
Кемерово
Киров
Кострома
Курган
Курск
Санкт-Петербург
Липецк
Магадан
Москва
Мурманск
Нижний Новгород
Великий Новгород
Новосибирск
Омск
Оренбург
Пенза
Пермь
Псков
Ростов-на-Дону
Рязань
Самара
Саратов
Южно-Сахалинск
Екатеринбург
Смоленск
Тамбов
Тула
Тюмень
Ульяновск
Челябинск
Чита
Ярославль
Майкоп
Горно-Алтайск
Уфа
Улан-Уде
Махачкала
Биробиджан
Нальчик
Элиста
Черкесск
Петрозаводск
Сыктывкар
Симферополь
Йошкар-Ола
Саранск
Якутск
Владикавказ
Казань
Кызыл
Ижевск
Абакан
Грозный
Чебоксары
Барнаул
Краснодар
Красноярск
Владивосток
Ставрополь
Хабаровск
Нарьян-Мар
Ханты-Мансийск
Анадырь
Салехард
################################################################

################################################################
04-07-2020: 12-09-31
Сообщение от пользователя Ксения None(id = 523515781)
Щас бы узнать фунты в Москве
################################################################

################################################################
04-07-2020: 12-09-32
Сообщение от пользователя Darth Bot None(id = 1277013207)
город Москва
Фунт

Внешфинбанк
Покупка: 88.7 руб
Продажа: 90.6 руб

БайкалИнвестБанк
Покупка: 88.6 руб
Продажа: 92.0 руб

Джей энд Ти Банк
Покупка: 88.3 руб
Продажа: 90.0 руб

Банк Казани
Покупка: 88.0 руб
Продажа: 90.2 руб

Эс-Би-Ай Банк
Покупка: 87.32 руб
Продажа: 91.49 руб
################################################################

################################################################
04-07-2020: 12-10-03
Сообщение от пользователя Ксения None(id = 523515781)
Щас бы узнать юани в Грозном
################################################################

################################################################
04-07-2020: 12-10-04
Сообщение от пользователя Darth Bot None(id = 1277013207)
город Грозный
Юань

К сожалению этой валюты нет в городе. Её украл Хан Соло
################################################################

